# JRE version: OpenJDK Runtime Environment Temurin-17.0.12+7 (17.0.12+7) (build 17.0.12+7)
# Java VM: OpenJDK 64-Bit Server VM Temurin-17.0.12+7 (17.0.12+7, mixed mode, tiered, compressed oops, compressed class ptrs, parallel gc, windows-amd64)
GC Precious Log:
 CPUs: 12 total, 12 available
 Memory: 16099M
 Large Page Support: Disabled
 NUMA Support: Disabled
 Compressed Oops: Enabled (32-bit)
 Alignments: Space 512K, Generation 512K, Heap 2M
 Heap Min Capacity: 100M
 Heap Initial Capacity: 100M
 Heap Max Capacity: 1G
 Pre-touch: Disabled
 Parallel Workers: 10
Heap:
 PSYoungGen      total 16896K, used 14356K [0x00000000eab00000, 0x00000000ec480000, 0x0000000100000000)
  eden space 10752K, 80% used [0x00000000eab00000,0x00000000eb36cf88,0x00000000eb580000)
  from space 6144K, 93% used [0x00000000ebe80000,0x00000000ec4180d0,0x00000000ec480000)
  to   space 6656K, 0% used [0x00000000eb780000,0x00000000eb780000,0x00000000ebe00000)
 ParOldGen       total 116736K, used 100596K [0x00000000c0000000, 0x00000000c7200000, 0x00000000eab00000)
  object space 116736K, 86% used [0x00000000c0000000,0x00000000c623d2a0,0x00000000c7200000)
 Metaspace       used 64444K, committed 65536K, reserved 1114112K
  class space    used 6838K, committed 7296K, reserved 1048576K
GC Heap History (20 events):
Event: 5.302 GC heap before
{Heap before GC invocations=60 (full 4):
 PSYoungGen      total 13312K, used 12965K [0x00000000eab00000, 0x00000000ebe00000, 0x0000000100000000)
  eden space 10752K, 100% used [0x00000000eab00000,0x00000000eb580000,0x00000000eb580000)
  from space 2560K, 86% used [0x00000000ebb80000,0x00000000ebda9608,0x00000000ebe00000)
  to   space 3584K, 0% used [0x00000000eb700000,0x00000000eb700000,0x00000000eba80000)
 ParOldGen       total 92672K, used 88639K [0x00000000c0000000, 0x00000000c5a80000, 0x00000000eab00000)
  object space 92672K, 95% used [0x00000000c0000000,0x00000000c568fdb0,0x00000000c5a80000)
 Metaspace       used 64273K, committed 65408K, reserved 1114112K
  class space    used 6818K, committed 7296K, reserved 1048576K
}
Event: 5.303 GC heap after
{Heap after GC invocations=60 (full 4):
 PSYoungGen      total 14336K, used 3583K [0x00000000eab00000, 0x00000000ebf80000, 0x0000000100000000)
  eden space 10752K, 0% used [0x00000000eab00000,0x00000000eab00000,0x00000000eb580000)
  from space 3584K, 99% used [0x00000000eb700000,0x00000000eba7ffd0,0x00000000eba80000)
  to   space 5120K, 0% used [0x00000000eba80000,0x00000000eba80000,0x00000000ebf80000)
 ParOldGen       total 92672K, used 89461K [0x00000000c0000000, 0x00000000c5a80000, 0x00000000eab00000)
  object space 92672K, 96% used [0x00000000c0000000,0x00000000c575d7b0,0x00000000c5a80000)
 Metaspace       used 64273K, committed 65408K, reserved 1114112K
  class space    used 6818K, committed 7296K, reserved 1048576K
}
Event: 5.381 GC heap before
{Heap before GC invocations=61 (full 4):
 PSYoungGen      total 14336K, used 14335K [0x00000000eab00000, 0x00000000ebf80000, 0x0000000100000000)
  eden space 10752K, 100% used [0x00000000eab00000,0x00000000eb580000,0x00000000eb580000)
  from space 3584K, 99% used [0x00000000eb700000,0x00000000eba7ffd0,0x00000000eba80000)
  to   space 5120K, 0% used [0x00000000eba80000,0x00000000eba80000,0x00000000ebf80000)
 ParOldGen       total 92672K, used 89461K [0x00000000c0000000, 0x00000000c5a80000, 0x00000000eab00000)
  object space 92672K, 96% used [0x00000000c0000000,0x00000000c575d7b0,0x00000000c5a80000)
 Metaspace       used 64350K, committed 65472K, reserved 1114112K
  class space    used 6822K, committed 7296K, reserved 1048576K
}
Event: 5.385 GC heap after
{Heap after GC invocations=61 (full 4):
 PSYoungGen      total 13312K, used 2201K [0x00000000eab00000, 0x00000000ebd00000, 0x0000000100000000)
  eden space 10752K, 0% used [0x00000000eab00000,0x00000000eab00000,0x00000000eb580000)
  from space 2560K, 86% used [0x00000000eba80000,0x00000000ebca66b0,0x00000000ebd00000)
  to   space 3072K, 0% used [0x00000000eb700000,0x00000000eb700000,0x00000000eba00000)
 ParOldGen       total 93184K, used 92918K [0x00000000c0000000, 0x00000000c5b00000, 0x00000000eab00000)
  object space 93184K, 99% used [0x00000000c0000000,0x00000000c5abd9b8,0x00000000c5b00000)
 Metaspace       used 64350K, committed 65472K, reserved 1114112K
  class space    used 6822K, committed 7296K, reserved 1048576K
}
Event: 5.385 GC heap before
{Heap before GC invocations=62 (full 5):
 PSYoungGen      total 13312K, used 2201K [0x00000000eab00000, 0x00000000ebd00000, 0x0000000100000000)
  eden space 10752K, 0% used [0x00000000eab00000,0x00000000eab00000,0x00000000eb580000)
  from space 2560K, 86% used [0x00000000eba80000,0x00000000ebca66b0,0x00000000ebd00000)
  to   space 3072K, 0% used [0x00000000eb700000,0x00000000eb700000,0x00000000eba00000)
 ParOldGen       total 93184K, used 92918K [0x00000000c0000000, 0x00000000c5b00000, 0x00000000eab00000)
  object space 93184K, 99% used [0x00000000c0000000,0x00000000c5abd9b8,0x00000000c5b00000)
 Metaspace       used 64350K, committed 65472K, reserved 1114112K
  class space    used 6822K, committed 7296K, reserved 1048576K
}
Event: 5.444 GC heap after
{Heap after GC invocations=62 (full 5):
 PSYoungGen      total 11264K, used 0K [0x00000000eab00000, 0x00000000ebb80000, 0x0000000100000000)
  eden space 10752K, 0% used [0x00000000eab00000,0x00000000eab00000,0x00000000eb580000)
  from space 512K, 0% used [0x00000000eb700000,0x00000000eb700000,0x00000000eb780000)
  to   space 3072K, 0% used [0x00000000eb880000,0x00000000eb880000,0x00000000ebb80000)
 ParOldGen       total 116736K, used 87723K [0x00000000c0000000, 0x00000000c7200000, 0x00000000eab00000)
  object space 116736K, 75% used [0x00000000c0000000,0x00000000c55aafd8,0x00000000c7200000)
 Metaspace       used 64350K, committed 65472K, reserved 1114112K
  class space    used 6822K, committed 7296K, reserved 1048576K
}
Event: 5.511 GC heap before
{Heap before GC invocations=63 (full 5):
 PSYoungGen      total 11264K, used 10752K [0x00000000eab00000, 0x00000000ebb80000, 0x0000000100000000)
  eden space 10752K, 100% used [0x00000000eab00000,0x00000000eb580000,0x00000000eb580000)
  from space 512K, 0% used [0x00000000eb700000,0x00000000eb700000,0x00000000eb780000)
  to   space 3072K, 0% used [0x00000000eb880000,0x00000000eb880000,0x00000000ebb80000)
 ParOldGen       total 116736K, used 87723K [0x00000000c0000000, 0x00000000c7200000, 0x00000000eab00000)
  object space 116736K, 75% used [0x00000000c0000000,0x00000000c55aafd8,0x00000000c7200000)
 Metaspace       used 64432K, committed 65536K, reserved 1114112K
  class space    used 6837K, committed 7296K, reserved 1048576K
}
Event: 5.512 GC heap after
{Heap after GC invocations=63 (full 5):
 PSYoungGen      total 13312K, used 2389K [0x00000000eab00000, 0x00000000ebb00000, 0x0000000100000000)
  eden space 10752K, 0% used [0x00000000eab00000,0x00000000eab00000,0x00000000eb580000)
  from space 2560K, 93% used [0x00000000eb880000,0x00000000ebad5770,0x00000000ebb00000)
  to   space 2560K, 0% used [0x00000000eb600000,0x00000000eb600000,0x00000000eb880000)
 ParOldGen       total 116736K, used 87731K [0x00000000c0000000, 0x00000000c7200000, 0x00000000eab00000)
  object space 116736K, 75% used [0x00000000c0000000,0x00000000c55acfd8,0x00000000c7200000)
 Metaspace       used 64432K, committed 65536K, reserved 1114112K
  class space    used 6837K, committed 7296K, reserved 1048576K
}
Event: 5.558 GC heap before
{Heap before GC invocations=64 (full 5):
 PSYoungGen      total 13312K, used 13141K [0x00000000eab00000, 0x00000000ebb00000, 0x0000000100000000)
  eden space 10752K, 100% used [0x00000000eab00000,0x00000000eb580000,0x00000000eb580000)
  from space 2560K, 93% used [0x00000000eb880000,0x00000000ebad5770,0x00000000ebb00000)
  to   space 2560K, 0% used [0x00000000eb600000,0x00000000eb600000,0x00000000eb880000)
 ParOldGen       total 116736K, used 87731K [0x00000000c0000000, 0x00000000c7200000, 0x00000000eab00000)
  object space 116736K, 75% used [0x00000000c0000000,0x00000000c55acfd8,0x00000000c7200000)
 Metaspace       used 64444K, committed 65536K, reserved 1114112K
  class space    used 6838K, committed 7296K, reserved 1048576K
}
Event: 5.560 GC heap after
{Heap after GC invocations=64 (full 5):
 PSYoungGen      total 13312K, used 2558K [0x00000000eab00000, 0x00000000ebf80000, 0x0000000100000000)
  eden space 10752K, 0% used [0x00000000eab00000,0x00000000eab00000,0x00000000eb580000)
  from space 2560K, 99% used [0x00000000eb600000,0x00000000eb87f9e0,0x00000000eb880000)
  to   space 5120K, 0% used [0x00000000eba80000,0x00000000eba80000,0x00000000ebf80000)
 ParOldGen       total 116736K, used 89650K [0x00000000c0000000, 0x00000000c7200000, 0x00000000eab00000)
  object space 116736K, 76% used [0x00000000c0000000,0x00000000c578c8f8,0x00000000c7200000)
 Metaspace       used 64444K, committed 65536K, reserved 1114112K
  class space    used 6838K, committed 7296K, reserved 1048576K
}
Event: 5.595 GC heap before
{Heap before GC invocations=65 (full 5):
 PSYoungGen      total 13312K, used 13310K [0x00000000eab00000, 0x00000000ebf80000, 0x0000000100000000)
  eden space 10752K, 100% used [0x00000000eab00000,0x00000000eb580000,0x00000000eb580000)
  from space 2560K, 99% used [0x00000000eb600000,0x00000000eb87f9e0,0x00000000eb880000)
  to   space 5120K, 0% used [0x00000000eba80000,0x00000000eba80000,0x00000000ebf80000)
 ParOldGen       total 116736K, used 89650K [0x00000000c0000000, 0x00000000c7200000, 0x00000000eab00000)
  object space 116736K, 76% used [0x00000000c0000000,0x00000000c578c8f8,0x00000000c7200000)
 Metaspace       used 64444K, committed 65536K, reserved 1114112K
  class space    used 6838K, committed 7296K, reserved 1048576K
}
Event: 5.597 GC heap after
{Heap after GC invocations=65 (full 5):
 PSYoungGen      total 14848K, used 3815K [0x00000000eab00000, 0x00000000ebe80000, 0x0000000100000000)
  eden space 10752K, 0% used [0x00000000eab00000,0x00000000eab00000,0x00000000eb580000)
  from space 4096K, 93% used [0x00000000eba80000,0x00000000ebe39d10,0x00000000ebe80000)
  to   space 4096K, 0% used [0x00000000eb680000,0x00000000eb680000,0x00000000eba80000)
 ParOldGen       total 116736K, used 90877K [0x00000000c0000000, 0x00000000c7200000, 0x00000000eab00000)
  object space 116736K, 77% used [0x00000000c0000000,0x00000000c58bf568,0x00000000c7200000)
 Metaspace       used 64444K, committed 65536K, reserved 1114112K
  class space    used 6838K, committed 7296K, reserved 1048576K
}
Event: 5.640 GC heap before
{Heap before GC invocations=66 (full 5):
 PSYoungGen      total 14848K, used 14567K [0x00000000eab00000, 0x00000000ebe80000, 0x0000000100000000)
  eden space 10752K, 100% used [0x00000000eab00000,0x00000000eb580000,0x00000000eb580000)
  from space 4096K, 93% used [0x00000000eba80000,0x00000000ebe39d10,0x00000000ebe80000)
  to   space 4096K, 0% used [0x00000000eb680000,0x00000000eb680000,0x00000000eba80000)
 ParOldGen       total 116736K, used 90877K [0x00000000c0000000, 0x00000000c7200000, 0x00000000eab00000)
  object space 116736K, 77% used [0x00000000c0000000,0x00000000c58bf568,0x00000000c7200000)
 Metaspace       used 64444K, committed 65536K, reserved 1114112K
  class space    used 6838K, committed 7296K, reserved 1048576K
}
Event: 5.644 GC heap after
{Heap after GC invocations=66 (full 5):
 PSYoungGen      total 14848K, used 4091K [0x00000000eab00000, 0x00000000ec280000, 0x0000000100000000)
  eden space 10752K, 0% used [0x00000000eab00000,0x00000000eab00000,0x00000000eb580000)
  from space 4096K, 99% used [0x00000000eb680000,0x00000000eba7ef30,0x00000000eba80000)
  to   space 6656K, 0% used [0x00000000ebc00000,0x00000000ebc00000,0x00000000ec280000)
 ParOldGen       total 116736K, used 92969K [0x00000000c0000000, 0x00000000c7200000, 0x00000000eab00000)
  object space 116736K, 79% used [0x00000000c0000000,0x00000000c5aca7d0,0x00000000c7200000)
 Metaspace       used 64444K, committed 65536K, reserved 1114112K
  class space    used 6838K, committed 7296K, reserved 1048576K
}
Event: 5.688 GC heap before
{Heap before GC invocations=67 (full 5):
 PSYoungGen      total 14848K, used 14796K [0x00000000eab00000, 0x00000000ec280000, 0x0000000100000000)
  eden space 10752K, 99% used [0x00000000eab00000,0x00000000eb5743f0,0x00000000eb580000)
  from space 4096K, 99% used [0x00000000eb680000,0x00000000eba7ef30,0x00000000eba80000)
  to   space 6656K, 0% used [0x00000000ebc00000,0x00000000ebc00000,0x00000000ec280000)
 ParOldGen       total 116736K, used 92969K [0x00000000c0000000, 0x00000000c7200000, 0x00000000eab00000)
  object space 116736K, 79% used [0x00000000c0000000,0x00000000c5aca7d0,0x00000000c7200000)
 Metaspace       used 64444K, committed 65536K, reserved 1114112K
  class space    used 6838K, committed 7296K, reserved 1048576K
}
Event: 5.691 GC heap after
{Heap after GC invocations=67 (full 5):
 PSYoungGen      total 15360K, used 4511K [0x00000000eab00000, 0x00000000ec080000, 0x0000000100000000)
  eden space 10752K, 0% used [0x00000000eab00000,0x00000000eab00000,0x00000000eb580000)
  from space 4608K, 97% used [0x00000000ebc00000,0x00000000ec067fd0,0x00000000ec080000)
  to   space 5120K, 0% used [0x00000000eb680000,0x00000000eb680000,0x00000000ebb80000)
 ParOldGen       total 116736K, used 95363K [0x00000000c0000000, 0x00000000c7200000, 0x00000000eab00000)
  object space 116736K, 81% used [0x00000000c0000000,0x00000000c5d20dd0,0x00000000c7200000)
 Metaspace       used 64444K, committed 65536K, reserved 1114112K
  class space    used 6838K, committed 7296K, reserved 1048576K
}
Event: 5.732 GC heap before
{Heap before GC invocations=68 (full 5):
 PSYoungGen      total 15360K, used 15263K [0x00000000eab00000, 0x00000000ec080000, 0x0000000100000000)
  eden space 10752K, 100% used [0x00000000eab00000,0x00000000eb580000,0x00000000eb580000)
  from space 4608K, 97% used [0x00000000ebc00000,0x00000000ec067fd0,0x00000000ec080000)
  to   space 5120K, 0% used [0x00000000eb680000,0x00000000eb680000,0x00000000ebb80000)
 ParOldGen       total 116736K, used 95363K [0x00000000c0000000, 0x00000000c7200000, 0x00000000eab00000)
  object space 116736K, 81% used [0x00000000c0000000,0x00000000c5d20dd0,0x00000000c7200000)
 Metaspace       used 64444K, committed 65536K, reserved 1114112K
  class space    used 6838K, committed 7296K, reserved 1048576K
}
Event: 5.736 GC heap after
{Heap after GC invocations=68 (full 5):
 PSYoungGen      total 15872K, used 5102K [0x00000000eab00000, 0x00000000ec780000, 0x0000000100000000)
  eden space 10752K, 0% used [0x00000000eab00000,0x00000000eab00000,0x00000000eb580000)
  from space 5120K, 99% used [0x00000000eb680000,0x00000000ebb7b980,0x00000000ebb80000)
  to   space 9216K, 0% used [0x00000000ebe80000,0x00000000ebe80000,0x00000000ec780000)
 ParOldGen       total 116736K, used 98582K [0x00000000c0000000, 0x00000000c7200000, 0x00000000eab00000)
  object space 116736K, 84% used [0x00000000c0000000,0x00000000c6045aa0,0x00000000c7200000)
 Metaspace       used 64444K, committed 65536K, reserved 1114112K
  class space    used 6838K, committed 7296K, reserved 1048576K
}
Event: 5.781 GC heap before
{Heap before GC invocations=69 (full 5):
 PSYoungGen      total 15872K, used 15854K [0x00000000eab00000, 0x00000000ec780000, 0x0000000100000000)
  eden space 10752K, 100% used [0x00000000eab00000,0x00000000eb580000,0x00000000eb580000)
  from space 5120K, 99% used [0x00000000eb680000,0x00000000ebb7b980,0x00000000ebb80000)
  to   space 9216K, 0% used [0x00000000ebe80000,0x00000000ebe80000,0x00000000ec780000)
 ParOldGen       total 116736K, used 98582K [0x00000000c0000000, 0x00000000c7200000, 0x00000000eab00000)
  object space 116736K, 84% used [0x00000000c0000000,0x00000000c6045aa0,0x00000000c7200000)
 Metaspace       used 64444K, committed 65536K, reserved 1114112K
  class space    used 6838K, committed 7296K, reserved 1048576K
}
Event: 5.786 GC heap after
{Heap after GC invocations=69 (full 5):
 PSYoungGen      total 16896K, used 5728K [0x00000000eab00000, 0x00000000ec480000, 0x0000000100000000)
  eden space 10752K, 0% used [0x00000000eab00000,0x00000000eab00000,0x00000000eb580000)
  from space 6144K, 93% used [0x00000000ebe80000,0x00000000ec4180d0,0x00000000ec480000)
  to   space 6656K, 0% used [0x00000000eb780000,0x00000000eb780000,0x00000000ebe00000)
 ParOldGen       total 116736K, used 100596K [0x00000000c0000000, 0x00000000c7200000, 0x00000000eab00000)
  object space 116736K, 86% used [0x00000000c0000000,0x00000000c623d2a0,0x00000000c7200000)
 Metaspace       used 64444K, committed 65536K, reserved 1114112K
  class space    used 6838K, committed 7296K, reserved 1048576K
}

