# JRE version: OpenJDK Runtime Environment Temurin-17.0.12+7 (17.0.12+7) (build 17.0.12+7)
# Java VM: OpenJDK 64-Bit Server VM Temurin-17.0.12+7 (17.0.12+7, mixed mode, tiered, compressed oops, compressed class ptrs, parallel gc, windows-amd64)
GC Precious Log:
 CPUs: 12 total, 12 available
 Memory: 16099M
 Large Page Support: Disabled
 NUMA Support: Disabled
 Compressed Oops: Enabled (32-bit)
 Alignments: Space 512K, Generation 512K, Heap 2M
 Heap Min Capacity: 100M
 Heap Initial Capacity: 100M
 Heap Max Capacity: 1G
 Pre-touch: Disabled
 Parallel Workers: 10
Heap:
 PSYoungGen      total 39936K, used 27136K [0x00000000eab00000, 0x00000000eee00000, 0x0000000100000000)
  eden space 27136K, 100% used [0x00000000eab00000,0x00000000ec580000,0x00000000ec580000)
  from space 12800K, 0% used [0x00000000ec580000,0x00000000ec580000,0x00000000ed200000)
  to   space 20480K, 0% used [0x00000000ed980000,0x00000000ed980000,0x00000000eed80000)
 ParOldGen       total 125440K, used 125308K [0x00000000c0000000, 0x00000000c7a80000, 0x00000000eab00000)
  object space 125440K, 99% used [0x00000000c0000000,0x00000000c7a5f198,0x00000000c7a80000)
 Metaspace       used 67486K, committed 68736K, reserved 1114112K
  class space    used 7139K, committed 7680K, reserved 1048576K
GC Heap History (20 events):
Event: 6.759 GC heap after
{Heap after GC invocations=78 (full 28):
 PSYoungGen      total 47616K, used 26562K [0x00000000eab00000, 0x00000000eee00000, 0x0000000100000000)
  eden space 27136K, 97% used [0x00000000eab00000,0x00000000ec4f0910,0x00000000ec580000)
  from space 20480K, 0% used [0x00000000ed980000,0x00000000ed980000,0x00000000eed80000)
  to   space 12800K, 0% used [0x00000000ec580000,0x00000000ec580000,0x00000000ed200000)
 ParOldGen       total 125440K, used 125311K [0x00000000c0000000, 0x00000000c7a80000, 0x00000000eab00000)
  object space 125440K, 99% used [0x00000000c0000000,0x00000000c7a5fe60,0x00000000c7a80000)
 Metaspace       used 67479K, committed 68672K, reserved 1114112K
  class space    used 7139K, committed 7680K, reserved 1048576K
}
Event: 6.763 GC heap before
{Heap before GC invocations=79 (full 29):
 PSYoungGen      total 47616K, used 27135K [0x00000000eab00000, 0x00000000eee00000, 0x0000000100000000)
  eden space 27136K, 99% used [0x00000000eab00000,0x00000000ec57ff80,0x00000000ec580000)
  from space 20480K, 0% used [0x00000000ed980000,0x00000000ed980000,0x00000000eed80000)
  to   space 12800K, 0% used [0x00000000ec580000,0x00000000ec580000,0x00000000ed200000)
 ParOldGen       total 125440K, used 125311K [0x00000000c0000000, 0x00000000c7a80000, 0x00000000eab00000)
  object space 125440K, 99% used [0x00000000c0000000,0x00000000c7a5fe60,0x00000000c7a80000)
 Metaspace       used 67479K, committed 68672K, reserved 1114112K
  class space    used 7139K, committed 7680K, reserved 1048576K
}
Event: 6.826 GC heap after
{Heap after GC invocations=79 (full 29):
 PSYoungGen      total 39936K, used 26672K [0x00000000eab00000, 0x00000000eee00000, 0x0000000100000000)
  eden space 27136K, 98% used [0x00000000eab00000,0x00000000ec50c050,0x00000000ec580000)
  from space 12800K, 0% used [0x00000000ec580000,0x00000000ec580000,0x00000000ed200000)
  to   space 20480K, 0% used [0x00000000ed980000,0x00000000ed980000,0x00000000eed80000)
 ParOldGen       total 125440K, used 125310K [0x00000000c0000000, 0x00000000c7a80000, 0x00000000eab00000)
  object space 125440K, 99% used [0x00000000c0000000,0x00000000c7a5fb30,0x00000000c7a80000)
 Metaspace       used 67479K, committed 68672K, reserved 1114112K
  class space    used 7139K, committed 7680K, reserved 1048576K
}
Event: 6.828 GC heap before
{Heap before GC invocations=80 (full 30):
 PSYoungGen      total 39936K, used 27131K [0x00000000eab00000, 0x00000000eee00000, 0x0000000100000000)
  eden space 27136K, 99% used [0x00000000eab00000,0x00000000ec57ef70,0x00000000ec580000)
  from space 12800K, 0% used [0x00000000ec580000,0x00000000ec580000,0x00000000ed200000)
  to   space 20480K, 0% used [0x00000000ed980000,0x00000000ed980000,0x00000000eed80000)
 ParOldGen       total 125440K, used 125310K [0x00000000c0000000, 0x00000000c7a80000, 0x00000000eab00000)
  object space 125440K, 99% used [0x00000000c0000000,0x00000000c7a5fb30,0x00000000c7a80000)
 Metaspace       used 67479K, committed 68672K, reserved 1114112K
  class space    used 7139K, committed 7680K, reserved 1048576K
}
Event: 6.894 GC heap after
{Heap after GC invocations=80 (full 30):
 PSYoungGen      total 47616K, used 26771K [0x00000000eab00000, 0x00000000eee00000, 0x0000000100000000)
  eden space 27136K, 98% used [0x00000000eab00000,0x00000000ec524f38,0x00000000ec580000)
  from space 20480K, 0% used [0x00000000ed980000,0x00000000ed980000,0x00000000eed80000)
  to   space 12800K, 0% used [0x00000000ec580000,0x00000000ec580000,0x00000000ed200000)
 ParOldGen       total 125440K, used 125310K [0x00000000c0000000, 0x00000000c7a80000, 0x00000000eab00000)
  object space 125440K, 99% used [0x00000000c0000000,0x00000000c7a5fab0,0x00000000c7a80000)
 Metaspace       used 67479K, committed 68672K, reserved 1114112K
  class space    used 7139K, committed 7680K, reserved 1048576K
}
Event: 6.896 GC heap before
{Heap before GC invocations=81 (full 31):
 PSYoungGen      total 47616K, used 27135K [0x00000000eab00000, 0x00000000eee00000, 0x0000000100000000)
  eden space 27136K, 99% used [0x00000000eab00000,0x00000000ec57ffe0,0x00000000ec580000)
  from space 20480K, 0% used [0x00000000ed980000,0x00000000ed980000,0x00000000eed80000)
  to   space 12800K, 0% used [0x00000000ec580000,0x00000000ec580000,0x00000000ed200000)
 ParOldGen       total 125440K, used 125310K [0x00000000c0000000, 0x00000000c7a80000, 0x00000000eab00000)
  object space 125440K, 99% used [0x00000000c0000000,0x00000000c7a5fab0,0x00000000c7a80000)
 Metaspace       used 67479K, committed 68672K, reserved 1114112K
  class space    used 7139K, committed 7680K, reserved 1048576K
}
Event: 6.957 GC heap after
{Heap after GC invocations=81 (full 31):
 PSYoungGen      total 39936K, used 26850K [0x00000000eab00000, 0x00000000eee00000, 0x0000000100000000)
  eden space 27136K, 98% used [0x00000000eab00000,0x00000000ec5388e8,0x00000000ec580000)
  from space 12800K, 0% used [0x00000000ec580000,0x00000000ec580000,0x00000000ed200000)
  to   space 20480K, 0% used [0x00000000ed980000,0x00000000ed980000,0x00000000eed80000)
 ParOldGen       total 125440K, used 125310K [0x00000000c0000000, 0x00000000c7a80000, 0x00000000eab00000)
  object space 125440K, 99% used [0x00000000c0000000,0x00000000c7a5f8e8,0x00000000c7a80000)
 Metaspace       used 67479K, committed 68672K, reserved 1114112K
  class space    used 7139K, committed 7680K, reserved 1048576K
}
Event: 6.958 GC heap before
{Heap before GC invocations=82 (full 32):
 PSYoungGen      total 39936K, used 27136K [0x00000000eab00000, 0x00000000eee00000, 0x0000000100000000)
  eden space 27136K, 100% used [0x00000000eab00000,0x00000000ec580000,0x00000000ec580000)
  from space 12800K, 0% used [0x00000000ec580000,0x00000000ec580000,0x00000000ed200000)
  to   space 20480K, 0% used [0x00000000ed980000,0x00000000ed980000,0x00000000eed80000)
 ParOldGen       total 125440K, used 125310K [0x00000000c0000000, 0x00000000c7a80000, 0x00000000eab00000)
  object space 125440K, 99% used [0x00000000c0000000,0x00000000c7a5f8e8,0x00000000c7a80000)
 Metaspace       used 67486K, committed 68736K, reserved 1114112K
  class space    used 7139K, committed 7680K, reserved 1048576K
}
Event: 7.017 GC heap after
{Heap after GC invocations=82 (full 32):
 PSYoungGen      total 47616K, used 26925K [0x00000000eab00000, 0x00000000eee00000, 0x0000000100000000)
  eden space 27136K, 99% used [0x00000000eab00000,0x00000000ec54b678,0x00000000ec580000)
  from space 20480K, 0% used [0x00000000ed980000,0x00000000ed980000,0x00000000eed80000)
  to   space 12800K, 0% used [0x00000000ec580000,0x00000000ec580000,0x00000000ed200000)
 ParOldGen       total 125440K, used 125309K [0x00000000c0000000, 0x00000000c7a80000, 0x00000000eab00000)
  object space 125440K, 99% used [0x00000000c0000000,0x00000000c7a5f658,0x00000000c7a80000)
 Metaspace       used 67486K, committed 68736K, reserved 1114112K
  class space    used 7139K, committed 7680K, reserved 1048576K
}
Event: 7.018 GC heap before
{Heap before GC invocations=83 (full 33):
 PSYoungGen      total 47616K, used 27133K [0x00000000eab00000, 0x00000000eee00000, 0x0000000100000000)
  eden space 27136K, 99% used [0x00000000eab00000,0x00000000ec57f7b0,0x00000000ec580000)
  from space 20480K, 0% used [0x00000000ed980000,0x00000000ed980000,0x00000000eed80000)
  to   space 12800K, 0% used [0x00000000ec580000,0x00000000ec580000,0x00000000ed200000)
 ParOldGen       total 125440K, used 125309K [0x00000000c0000000, 0x00000000c7a80000, 0x00000000eab00000)
  object space 125440K, 99% used [0x00000000c0000000,0x00000000c7a5f658,0x00000000c7a80000)
 Metaspace       used 67486K, committed 68736K, reserved 1114112K
  class space    used 7139K, committed 7680K, reserved 1048576K
}
Event: 7.075 GC heap after
{Heap after GC invocations=83 (full 33):
 PSYoungGen      total 39936K, used 26959K [0x00000000eab00000, 0x00000000eee00000, 0x0000000100000000)
  eden space 27136K, 99% used [0x00000000eab00000,0x00000000ec553ca8,0x00000000ec580000)
  from space 12800K, 0% used [0x00000000ec580000,0x00000000ec580000,0x00000000ed200000)
  to   space 20480K, 0% used [0x00000000ed980000,0x00000000ed980000,0x00000000eed80000)
 ParOldGen       total 125440K, used 125309K [0x00000000c0000000, 0x00000000c7a80000, 0x00000000eab00000)
  object space 125440K, 99% used [0x00000000c0000000,0x00000000c7a5f538,0x00000000c7a80000)
 Metaspace       used 67486K, committed 68736K, reserved 1114112K
  class space    used 7139K, committed 7680K, reserved 1048576K
}
Event: 7.075 GC heap before
{Heap before GC invocations=84 (full 34):
 PSYoungGen      total 39936K, used 27136K [0x00000000eab00000, 0x00000000eee00000, 0x0000000100000000)
  eden space 27136K, 100% used [0x00000000eab00000,0x00000000ec580000,0x00000000ec580000)
  from space 12800K, 0% used [0x00000000ec580000,0x00000000ec580000,0x00000000ed200000)
  to   space 20480K, 0% used [0x00000000ed980000,0x00000000ed980000,0x00000000eed80000)
 ParOldGen       total 125440K, used 125309K [0x00000000c0000000, 0x00000000c7a80000, 0x00000000eab00000)
  object space 125440K, 99% used [0x00000000c0000000,0x00000000c7a5f538,0x00000000c7a80000)
 Metaspace       used 67486K, committed 68736K, reserved 1114112K
  class space    used 7139K, committed 7680K, reserved 1048576K
}
Event: 7.136 GC heap after
{Heap after GC invocations=84 (full 34):
 PSYoungGen      total 47616K, used 26988K [0x00000000eab00000, 0x00000000eee00000, 0x0000000100000000)
  eden space 27136K, 99% used [0x00000000eab00000,0x00000000ec55b378,0x00000000ec580000)
  from space 20480K, 0% used [0x00000000ed980000,0x00000000ed980000,0x00000000eed80000)
  to   space 12800K, 0% used [0x00000000ec580000,0x00000000ec580000,0x00000000ed200000)
 ParOldGen       total 125440K, used 125308K [0x00000000c0000000, 0x00000000c7a80000, 0x00000000eab00000)
  object space 125440K, 99% used [0x00000000c0000000,0x00000000c7a5f388,0x00000000c7a80000)
 Metaspace       used 67486K, committed 68736K, reserved 1114112K
  class space    used 7139K, committed 7680K, reserved 1048576K
}
Event: 7.136 GC heap before
{Heap before GC invocations=85 (full 35):
 PSYoungGen      total 47616K, used 27136K [0x00000000eab00000, 0x00000000eee00000, 0x0000000100000000)
  eden space 27136K, 100% used [0x00000000eab00000,0x00000000ec580000,0x00000000ec580000)
  from space 20480K, 0% used [0x00000000ed980000,0x00000000ed980000,0x00000000eed80000)
  to   space 12800K, 0% used [0x00000000ec580000,0x00000000ec580000,0x00000000ed200000)
 ParOldGen       total 125440K, used 125308K [0x00000000c0000000, 0x00000000c7a80000, 0x00000000eab00000)
  object space 125440K, 99% used [0x00000000c0000000,0x00000000c7a5f388,0x00000000c7a80000)
 Metaspace       used 67486K, committed 68736K, reserved 1114112K
  class space    used 7139K, committed 7680K, reserved 1048576K
}
Event: 7.195 GC heap after
{Heap after GC invocations=85 (full 35):
 PSYoungGen      total 39936K, used 27023K [0x00000000eab00000, 0x00000000eee00000, 0x0000000100000000)
  eden space 27136K, 99% used [0x00000000eab00000,0x00000000ec563d88,0x00000000ec580000)
  from space 12800K, 0% used [0x00000000ec580000,0x00000000ec580000,0x00000000ed200000)
  to   space 20480K, 0% used [0x00000000ed980000,0x00000000ed980000,0x00000000eed80000)
 ParOldGen       total 125440K, used 125308K [0x00000000c0000000, 0x00000000c7a80000, 0x00000000eab00000)
  object space 125440K, 99% used [0x00000000c0000000,0x00000000c7a5f2d8,0x00000000c7a80000)
 Metaspace       used 67486K, committed 68736K, reserved 1114112K
  class space    used 7139K, committed 7680K, reserved 1048576K
}
Event: 7.196 GC heap before
{Heap before GC invocations=86 (full 36):
 PSYoungGen      total 39936K, used 27135K [0x00000000eab00000, 0x00000000eee00000, 0x0000000100000000)
  eden space 27136K, 99% used [0x00000000eab00000,0x00000000ec57ff98,0x00000000ec580000)
  from space 12800K, 0% used [0x00000000ec580000,0x00000000ec580000,0x00000000ed200000)
  to   space 20480K, 0% used [0x00000000ed980000,0x00000000ed980000,0x00000000eed80000)
 ParOldGen       total 125440K, used 125308K [0x00000000c0000000, 0x00000000c7a80000, 0x00000000eab00000)
  object space 125440K, 99% used [0x00000000c0000000,0x00000000c7a5f2d8,0x00000000c7a80000)
 Metaspace       used 67486K, committed 68736K, reserved 1114112K
  class space    used 7139K, committed 7680K, reserved 1048576K
}
Event: 7.249 GC heap after
{Heap after GC invocations=86 (full 36):
 PSYoungGen      total 47616K, used 27029K [0x00000000eab00000, 0x00000000eee00000, 0x0000000100000000)
  eden space 27136K, 99% used [0x00000000eab00000,0x00000000ec565658,0x00000000ec580000)
  from space 20480K, 0% used [0x00000000ed980000,0x00000000ed980000,0x00000000eed80000)
  to   space 12800K, 0% used [0x00000000ec580000,0x00000000ec580000,0x00000000ed200000)
 ParOldGen       total 125440K, used 125308K [0x00000000c0000000, 0x00000000c7a80000, 0x00000000eab00000)
  object space 125440K, 99% used [0x00000000c0000000,0x00000000c7a5f198,0x00000000c7a80000)
 Metaspace       used 67486K, committed 68736K, reserved 1114112K
  class space    used 7139K, committed 7680K, reserved 1048576K
}
Event: 7.250 GC heap before
{Heap before GC invocations=87 (full 37):
 PSYoungGen      total 47616K, used 27136K [0x00000000eab00000, 0x00000000eee00000, 0x0000000100000000)
  eden space 27136K, 100% used [0x00000000eab00000,0x00000000ec580000,0x00000000ec580000)
  from space 20480K, 0% used [0x00000000ed980000,0x00000000ed980000,0x00000000eed80000)
  to   space 12800K, 0% used [0x00000000ec580000,0x00000000ec580000,0x00000000ed200000)
 ParOldGen       total 125440K, used 125308K [0x00000000c0000000, 0x00000000c7a80000, 0x00000000eab00000)
  object space 125440K, 99% used [0x00000000c0000000,0x00000000c7a5f198,0x00000000c7a80000)
 Metaspace       used 67486K, committed 68736K, reserved 1114112K
  class space    used 7139K, committed 7680K, reserved 1048576K
}
Event: 7.303 GC heap after
{Heap after GC invocations=87 (full 37):
 PSYoungGen      total 39936K, used 27052K [0x00000000eab00000, 0x00000000eee00000, 0x0000000100000000)
  eden space 27136K, 99% used [0x00000000eab00000,0x00000000ec56b1a0,0x00000000ec580000)
  from space 12800K, 0% used [0x00000000ec580000,0x00000000ec580000,0x00000000ed200000)
  to   space 20480K, 0% used [0x00000000ed980000,0x00000000ed980000,0x00000000eed80000)
 ParOldGen       total 125440K, used 125308K [0x00000000c0000000, 0x00000000c7a80000, 0x00000000eab00000)
  object space 125440K, 99% used [0x00000000c0000000,0x00000000c7a5f198,0x00000000c7a80000)
 Metaspace       used 67486K, committed 68736K, reserved 1114112K
  class space    used 7139K, committed 7680K, reserved 1048576K
}
Event: 7.304 GC heap before
{Heap before GC invocations=88 (full 38):
 PSYoungGen      total 39936K, used 27136K [0x00000000eab00000, 0x00000000eee00000, 0x0000000100000000)
  eden space 27136K, 100% used [0x00000000eab00000,0x00000000ec580000,0x00000000ec580000)
  from space 12800K, 0% used [0x00000000ec580000,0x00000000ec580000,0x00000000ed200000)
  to   space 20480K, 0% used [0x00000000ed980000,0x00000000ed980000,0x00000000eed80000)
 ParOldGen       total 125440K, used 125308K [0x00000000c0000000, 0x00000000c7a80000, 0x00000000eab00000)
  object space 125440K, 99% used [0x00000000c0000000,0x00000000c7a5f198,0x00000000c7a80000)
 Metaspace       used 67486K, committed 68736K, reserved 1114112K
  class space    used 7139K, committed 7680K, reserved 1048576K
}

